\BOOKMARK [0][-]{chapter*.1}{Editorial}{}% 1
\BOOKMARK [0][-]{chapter*.2}{\376\377\000N\000\363\000m\000i\000n\000a\000\040\000d\000e\000\040\000J\000u\000n\000t\000a\000\040\000D\000i\000r\000e\000c\000t\000i\000v\000a}{}% 2
\BOOKMARK [0][-]{chapter*.3}{Directorio}{}% 3
\BOOKMARK [1][-]{section*.4}{Director\040de\040la\040revista}{chapter*.3}% 4
\BOOKMARK [1][-]{section*.4}{Editor\040en\040jefe}{chapter*.3}% 5
\BOOKMARK [1][-]{section*.4}{Coeditores}{chapter*.3}% 6
\BOOKMARK [1][-]{section*.4}{Consejo\040Editorial}{chapter*.3}% 7
\BOOKMARK [0][-]{chapter*.5}{\376\377\000C\000o\000m\000i\000t\000\351\000\040\000E\000d\000i\000t\000o\000r\000i\000a\000l}{}% 8
\BOOKMARK [0][-]{chapter.1}{Negocio\040componible\040inteligente}{}% 9
\BOOKMARK [0][-]{chapter.2}{\376\377\000P\000r\000o\000y\000e\000c\000t\000o\000\040\000d\000e\000\040\000E\000P\000S\000\040\000d\000e\000\040\000d\000i\000g\000i\000t\000a\000l\000i\000z\000a\000c\000i\000\363\000n\000\040\000d\000e\000l\000\040\000p\000r\000o\000c\000e\000s\000o\000\040\000d\000e\000\040\000i\000n\000g\000r\000e\000s\000o\000\040\000y\000\040\000c\000o\000n\000t\000r\000o\000l\000\040\000d\000e\000\040\000p\000a\000g\000o\000s\000\040\000e\000n\000\040\000l\000a\000\040\000F\000a\000c\000u\000l\000t\000a\000d\000\040\000d\000e\000\040\000V\000e\000t\000e\000r\000i\000n\000a\000r\000i\000a}{}% 10
\BOOKMARK [0][-]{chapter.3}{Internet\040of\040Behavior}{}% 11
\BOOKMARK [0][-]{chapter.4}{\376\377\000G\000o\000b\000e\000r\000n\000a\000n\000z\000a\000\040\000d\000e\000\040\000l\000a\000\040\000i\000n\000f\000o\000r\000m\000a\000c\000i\000\363\000n}{}% 12
\BOOKMARK [0][-]{chapter.5}{Experiencia\040total}{}% 13
\BOOKMARK [0][-]{chapter.6}{Realidad\040aumentada}{}% 14
\BOOKMARK [0][-]{chapter.7}{\376\377\000T\000e\000n\000d\000e\000n\000c\000i\000a\000s\000\040\000t\000e\000c\000n\000o\000l\000\363\000g\000i\000c\000a\000s\000\040\0002\0000\0002\0001}{}% 15
\BOOKMARK [0][-]{chapter.8}{\376\377\000\277\000I\000n\000t\000e\000r\000n\000e\000t\000\040\000d\000e\000\040\000l\000o\000s\000\040\000c\000o\000m\000p\000o\000r\000t\000a\000m\000i\000e\000n\000t\000o\000s\000\040\000c\000o\000m\000o\000\040\000m\000o\000n\000i\000t\000o\000r\000e\000o\000\040\000d\000e\000\040\000p\000r\000o\000t\000o\000c\000o\000l\000o\000s\000\040\000d\000e\000\040\000s\000a\000l\000u\000d\000?}{}% 16
\BOOKMARK [0][-]{chapter.9}{\376\377\000T\000e\000c\000n\000o\000l\000o\000g\000\355\000a\000s\000\040\000d\000e\000l\000\040\000d\000i\000s\000t\000a\000n\000c\000i\000a\000m\000i\000e\000n\000t\000o\000\040\000s\000o\000c\000i\000a\000l}{}% 17
\BOOKMARK [0][-]{chapter.10}{\376\377\000C\000o\000m\000p\000u\000t\000a\000c\000i\000\363\000n\000\040\000q\000u\000e\000\040\000m\000e\000j\000o\000r\000a\000\040\000l\000a\000\040\000p\000r\000i\000v\000a\000c\000i\000d\000a\000d}{}% 18
\BOOKMARK [0][-]{chapter.11}{\376\377\000L\000a\000\040\000i\000m\000p\000o\000r\000t\000a\000n\000c\000i\000a\000\040\000d\000e\000\040\000l\000a\000s\000\040\000P\000r\000\341\000c\000t\000i\000c\000a\000s\000\040\000P\000r\000o\000f\000e\000s\000i\000o\000n\000a\000l\000e\000s}{}% 19
\BOOKMARK [0][-]{chapter.12}{\376\377\000M\000e\000j\000o\000r\000a\000m\000i\000e\000n\000t\000o\000\040\000y\000\040\000a\000c\000t\000u\000a\000l\000i\000z\000a\000c\000i\000\363\000n\000\040\000e\000n\000\040\000e\000l\000\040\000s\000i\000s\000t\000e\000m\000a\000\040\000d\000e\000\040\000e\000v\000a\000l\000u\000a\000c\000i\000\363\000n\000\040\000d\000e\000\040\000m\000\351\000r\000i\000t\000o\000s\000\040\000a\000c\000a\000d\000\351\000m\000i\000c\000o\000s\000\040\000d\000e\000\040\000l\000a\000\040\000U\000S\000A\000C}{}% 20
